<?xml version="1.0" encoding="UTF-8"?>
<!-- Generated by org.testng.reporters.JUnitReportReporter -->
<testsuite skipped="0" hostname="Mir-PC" name="com.qtpselenium.facebook.pom.testcases.ChangedPasswordTest" tests="1" failures="0" timestamp="13 Aug 2019 04:22:49 GMT" time="0.464" errors="0">
  <testcase name="changedPasswordTest" time="0.464" classname="com.qtpselenium.facebook.pom.testcases.ChangedPasswordTest"/>
</testsuite> <!-- com.qtpselenium.facebook.pom.testcases.ChangedPasswordTest -->
