<?xml version="1.0" encoding="UTF-8"?>
<!-- Generated by org.testng.reporters.JUnitReportReporter -->
<testsuite skipped="0" hostname="Mir-PC" name="com.qtpselenium.facebook.pom.testcases.ChangePasswordTest" tests="1" failures="0" timestamp="14 Aug 2019 09:26:34 GMT" time="29.792" errors="0">
  <testcase name="changePasswordTest" time="29.792" classname="com.qtpselenium.facebook.pom.testcases.ChangePasswordTest"/>
</testsuite> <!-- com.qtpselenium.facebook.pom.testcases.ChangePasswordTest -->
