<?xml version="1.0" encoding="UTF-8"?>
<!-- Generated by org.testng.reporters.JUnitReportReporter -->
<testsuite skipped="0" hostname="Mir-PC" name="com.qtpselenium.facebook.pom.testcases.LoginTest" tests="1" failures="0" timestamp="13 Aug 2019 06:26:42 GMT" time="23.838" errors="0">
  <testcase name="doLogin" time="23.838" classname="com.qtpselenium.facebook.pom.testcases.LoginTest"/>
</testsuite> <!-- com.qtpselenium.facebook.pom.testcases.LoginTest -->
