<?xml version="1.0" encoding="UTF-8"?>
<!-- Generated by org.testng.reporters.JUnitReportReporter -->
<testsuite skipped="0" hostname="Mir-PC" name="com.qtpselenium.facebook.pom.testcases.ProfileTest" tests="1" failures="0" timestamp="13 Aug 2019 19:42:49 GMT" time="25.809" errors="0">
  <testcase name="testPrifile" time="25.809" classname="com.qtpselenium.facebook.pom.testcases.ProfileTest"/>
</testsuite> <!-- com.qtpselenium.facebook.pom.testcases.ProfileTest -->
